<?xml version="1.0" encoding="UTF-8" ?>
<testsuite failures="0" time="8.556" errors="0" skipped="0" tests="5" name="InjectedTest">
  <properties>
    <property name="java.runtime.name" value="OpenJDK Runtime Environment"/>
    <property name="sun.boot.library.path" value="/usr/lib/jvm/java-6-openjdk/jre/lib/amd64"/>
    <property name="java.vm.version" value="20.0-b12"/>
    <property name="java.vm.vendor" value="Sun Microsystems Inc."/>
    <property name="java.vendor.url" value="http://java.sun.com/"/>
    <property name="path.separator" value=":"/>
    <property name="guice.disable.misplaced.annotation.check" value="true"/>
    <property name="java.vm.name" value="OpenJDK 64-Bit Server VM"/>
    <property name="file.encoding.pkg" value="sun.io"/>
    <property name="user.country" value="DE"/>
    <property name="sun.java.launcher" value="SUN_STANDARD"/>
    <property name="sun.os.patch.level" value="unknown"/>
    <property name="java.vm.specification.name" value="Java Virtual Machine Specification"/>
    <property name="user.dir" value="/home/birk/src/Jenkins mingle plugin/mingle"/>
    <property name="java.runtime.version" value="1.6.0_24-b24"/>
    <property name="java.awt.graphicsenv" value="sun.awt.X11GraphicsEnvironment"/>
    <property name="java.endorsed.dirs" value="/usr/lib/jvm/java-6-openjdk/jre/lib/endorsed"/>
    <property name="os.arch" value="amd64"/>
    <property name="java.io.tmpdir" value="/tmp"/>
    <property name="line.separator" value="
"/>
    <property name="java.vm.specification.vendor" value="Sun Microsystems Inc."/>
    <property name="os.name" value="Linux"/>
    <property name="classworlds.conf" value="/usr/local/apache-maven/apache-maven-3.0.4/bin/m2.conf"/>
    <property name="sun.jnu.encoding" value="UTF-8"/>
    <property name="java.library.path" value="/usr/lib/jvm/java-6-openjdk/jre/lib/amd64/server:/usr/lib/jvm/java-6-openjdk/jre/lib/amd64:/usr/lib/jvm/java-6-openjdk/jre/../lib/amd64:/usr/java/packages/lib/amd64:/usr/lib/jni:/lib:/usr/lib"/>
    <property name="java.specification.name" value="Java Platform API Specification"/>
    <property name="java.class.version" value="50.0"/>
    <property name="sun.management.compiler" value="HotSpot 64-Bit Tiered Compilers"/>
    <property name="os.version" value="2.6.32-43-generic"/>
    <property name="user.home" value="/home/birk"/>
    <property name="user.timezone" value="Europe/Berlin"/>
    <property name="java.awt.printerjob" value="sun.print.PSPrinterJob"/>
    <property name="file.encoding" value="UTF-8"/>
    <property name="java.specification.version" value="1.6"/>
    <property name="user.name" value="birk"/>
    <property name="java.class.path" value="/usr/local/apache-maven/apache-maven-3.0.4/boot/plexus-classworlds-2.4.jar"/>
    <property name="java.vm.specification.version" value="1.0"/>
    <property name="sun.arch.data.model" value="64"/>
    <property name="java.home" value="/usr/lib/jvm/java-6-openjdk/jre"/>
    <property name="sun.java.command" value="org.codehaus.plexus.classworlds.launcher.Launcher clean package"/>
    <property name="java.specification.vendor" value="Sun Microsystems Inc."/>
    <property name="user.language" value="de"/>
    <property name="java.vm.info" value="mixed mode"/>
    <property name="java.version" value="1.6.0_24"/>
    <property name="java.ext.dirs" value="/usr/lib/jvm/java-6-openjdk/jre/lib/ext:/usr/java/packages/lib/ext"/>
    <property name="securerandom.source" value="file:/dev/./urandom"/>
    <property name="sun.boot.class.path" value="/usr/lib/jvm/java-6-openjdk/jre/lib/resources.jar:/usr/lib/jvm/java-6-openjdk/jre/lib/rt.jar:/usr/lib/jvm/java-6-openjdk/jre/lib/sunrsasign.jar:/usr/lib/jvm/java-6-openjdk/jre/lib/jsse.jar:/usr/lib/jvm/java-6-openjdk/jre/lib/jce.jar:/usr/lib/jvm/java-6-openjdk/jre/lib/charsets.jar:/usr/lib/jvm/java-6-openjdk/jre/lib/netx.jar:/usr/lib/jvm/java-6-openjdk/jre/lib/plugin.jar:/usr/lib/jvm/java-6-openjdk/jre/lib/rhino.jar:/usr/lib/jvm/java-6-openjdk/jre/lib/modules/jdk.boot.jar:/usr/lib/jvm/java-6-openjdk/jre/classes"/>
    <property name="java.vendor" value="Sun Microsystems Inc."/>
    <property name="maven.home" value="/usr/local/apache-maven/apache-maven-3.0.4"/>
    <property name="file.separator" value="/"/>
    <property name="java.vendor.url.bug" value="http://java.sun.com/cgi-bin/bugreport.cgi"/>
    <property name="sun.cpu.endian" value="little"/>
    <property name="sun.io.unicode.encoding" value="UnicodeLittle"/>
    <property name="sun.desktop" value="gnome"/>
    <property name="sun.cpu.isalist" value=""/>
  </properties>
  <testcase time="0.037" classname="org.jvnet.hudson.test.JellyTestSuiteBuilder$JellyCheck" name="\/home\/birk\/src\/Jenkins%20mingle%20plugin\/mingle\/target\/classes\/index.jelly"/>
  <testcase time="0.125" classname="org.jvnet.hudson.test.JellyTestSuiteBuilder$JellyCheck" name="\/home\/birk\/src\/Jenkins%20mingle%20plugin\/mingle\/target\/classes\/mingleplugin\/HelloWorldBuilder\/config.jelly"/>
  <testcase time="0.021" classname="org.jvnet.hudson.test.JellyTestSuiteBuilder$JellyCheck" name="\/home\/birk\/src\/Jenkins%20mingle%20plugin\/mingle\/target\/classes\/mingleplugin\/HelloWorldBuilder\/global.jelly"/>
  <testcase time="0" classname="org.jvnet.hudson.test.junit.FailedTest" name="org.jvnet.hudson.test.JellyTestSuiteBuilder$JellyTestSuite"/>
  <testcase time="0.989" classname="org.jvnet.hudson.test.PluginAutomaticTestBuilder$CliSanityTest" name="testCliSanity"/>
</testsuite>